<?xml version='1.0' encoding='UTF-8'?>
<testsuite hostname="C02G42VNML7H" name="Day2.DiveDepthTest" tests="9" errors="0" failures="0" skipped="0" time="0.022" timestamp="2021-12-07T17:54:24">
          <properties>
      <property name="java.specification.version" value="16"/><property name="sun.jnu.encoding" value="UTF-8"/><property name="sun.arch.data.model" value="64"/><property name="sbt.supershell" value="false"/><property name="java.vendor.url" value="https://java.oracle.com/"/><property name="sun.boot.library.path" value="/Users/liandragiacomine/Library/Java/JavaVirtualMachines/openjdk-16.0.2/Contents/Home/lib"/><property name="sun.java.command" value="/Users/liandragiacomine/Library/Application Support/JetBrains/IdeaIC2021.2/plugins/Scala/launcher/sbt-launch.jar early(addPluginSbtFile=&quot;&quot;&quot;/private/var/folders/2l/qs5yhcdd58nclc45fq82sq480000gp/T/idea.sbt&quot;&quot;&quot;) ; set ideaPort in Global := 50910 ; idea-shell"/><property name="jdk.debug" value="release"/><property name="java.specification.vendor" value="Oracle Corporation"/><property name="java.version.date" value="2021-07-20"/><property name="java.home" value="/Users/liandragiacomine/Library/Java/JavaVirtualMachines/openjdk-16.0.2/Contents/Home"/><property name="file.separator" value="/"/><property name="java.vm.compressedOopsMode" value="Zero based"/><property name="line.separator" value="
"/><property name="java.vm.specification.vendor" value="Oracle Corporation"/><property name="java.specification.name" value="Java Platform API Specification"/><property name="idea.installation.dir" value="/Applications/IntelliJ IDEA CE.app/Contents"/><property name="sun.management.compiler" value="HotSpot 64-Bit Tiered Compilers"/><property name="java.runtime.version" value="16.0.2+7-67"/><property name="user.name" value="liandragiacomine"/><property name="log4j.ignoreTCL" value="true"/><property name="file.encoding" value="UTF-8"/><property name="jnidispatch.path" value="/Users/liandragiacomine/Library/Caches/JNA/temp/jna16464009107275062921.tmp"/><property name="jna.loaded" value="true"/><property name="java.io.tmpdir" value="/var/folders/2l/qs5yhcdd58nclc45fq82sq480000gp/T/"/><property name="java.version" value="16.0.2"/><property name="java.vm.specification.name" value="Java Virtual Machine Specification"/><property name="java.library.path" value="/Users/liandragiacomine/Library/Java/Extensions:/Library/Java/Extensions:/Network/Library/Java/Extensions:/System/Library/Java/Extensions:/usr/lib/java:."/><property name="java.vendor" value="Oracle Corporation"/><property name="sun.io.unicode.encoding" value="UnicodeBig"/><property name="socksNonProxyHosts" value="local|*.local|169.254/16|*.169.254/16"/><property name="java.class.path" value="/Users/liandragiacomine/Library/Application Support/JetBrains/IdeaIC2021.2/plugins/Scala/launcher/sbt-launch.jar"/><property name="java.vm.vendor" value="Oracle Corporation"/><property name="jline.shutdownhook" value="false"/><property name="user.timezone" value="Europe/London"/><property name="java.vm.specification.version" value="16"/><property name="os.name" value="Mac OS X"/><property name="sun.java.launcher" value="SUN_STANDARD"/><property name="user.country" value="GB"/><property name="http.nonProxyHosts" value="local|*.local|169.254/16|*.169.254/16"/><property name="sun.cpu.endian" value="little"/><property name="user.home" value="/Users/liandragiacomine"/><property name="user.language" value="en"/><property name="swoval.tmpdir" value="/Users/liandragiacomine/.sbt/1.0"/><property name="jline.esc.timeout" value="0"/><property name="ftp.nonProxyHosts" value="local|*.local|169.254/16|*.169.254/16"/><property name="path.separator" value=":"/><property name="os.version" value="11.5"/><property name="jna.nosys" value="true"/><property name="java.runtime.name" value="OpenJDK Runtime Environment"/><property name="java.vm.name" value="OpenJDK 64-Bit Server VM"/><property name="jna.platform.library.path" value="/usr/lib:/usr/lib"/><property name="java.vendor.url.bug" value="https://bugreport.java.com/bugreport/"/><property name="user.dir" value="/Users/liandragiacomine/Exercism/scala/AdventOfCode"/><property name="os.arch" value="x86_64"/><property name="idea.managed" value="true"/><property name="java.vm.info" value="mixed mode, sharing"/><property name="java.vm.version" value="16.0.2+7-67"/><property name="java.class.version" value="60.0"/>
    </properties>
          <testcase classname="Day2.DiveDepthTest" name="down" time="0.011">
                      
                    </testcase><testcase classname="Day2.DiveDepthTest" name="up" time="0.001">
                      
                    </testcase><testcase classname="Day2.DiveDepthTest" name="up and down" time="0.0">
                      
                    </testcase><testcase classname="Day2.DiveDepthTest" name="example calculation should equal 150" time="0.001">
                      
                    </testcase><testcase classname="Day2.DiveDepthTest" name="calculate depth given input file" time="0.002">
                      
                    </testcase><testcase classname="Day2.DiveDepthTest" name="depth remains 0 without aim" time="0.001">
                      
                    </testcase><testcase classname="Day2.DiveDepthTest" name="aim exists and expected calculation result" time="0.0">
                      
                    </testcase><testcase classname="Day2.DiveDepthTest" name="gets expected dive depth with aim of given example" time="0.0">
                      
                    </testcase><testcase classname="Day2.DiveDepthTest" name="calculate depth with aim given input file" time="0.006">
                      
                    </testcase>
          <system-out><![CDATA[]]></system-out>
          <system-err><![CDATA[]]></system-err>
        </testsuite>